Started by user admin
Running as SYSTEM
Building in workspace C:\Users\lchernaya\.jenkins\workspace\sandbox
[Gradle] - Launching build.
[sandbox] $ cmd.exe /C "D:\gradle-6.7\bin\gradle.bat Clean Test && exit %%ERRORLEVEL%%"

FAILURE: Build failed with an exception.

* What went wrong:
Task 'Test' not found in root project 'sandbox'.

* Try:
Run gradle tasks to get a list of available tasks. Run with --stacktrace option to get the stack trace. Run with --info or --debug option to get more log output. Run with --scan to get full insights.

* Get more help at https://help.gradle.org

Deprecated Gradle features were used in this build, making it incompatible with Gradle 7.0.
Use '--warning-mode all' to show the individual deprecation warnings.
See https://docs.gradle.org/6.7/userguide/command_line_interface.html#sec:command_line_warnings

BUILD FAILED in 2s
Build step 'Invoke Gradle script' changed build result to FAILURE
Build step 'Invoke Gradle script' marked build as failure
Recording test results
[Checks API] No suitable checks publisher found.
Finished: FAILURE